<?xml version="1.0" encoding="UTF-8"?>
<testsuite xmlns:xsi="http://www.w3.org/2001/XMLSchema-instance" xsi:noNamespaceSchemaLocation="https://maven.apache.org/surefire/maven-surefire-plugin/xsd/surefire-test-report-3.0.xsd" version="3.0" name="testHangmanGame" time="0.139" tests="16" errors="3" skipped="0" failures="0">
  <properties>
    <property name="java.specification.version" value="14"/>
    <property name="sun.cpu.isalist" value="amd64"/>
    <property name="sun.jnu.encoding" value="Cp1252"/>
    <property name="java.class.path" value="C:\Users\Mateusz\source\repos\JavaHangman\JavaHangman\HangmanGame\HangmanGame\target\test-classes;C:\Users\Mateusz\.m2\repository\org\openjfx\javafx-controls\13\javafx-controls-13.jar;C:\Users\Mateusz\.m2\repository\org\openjfx\javafx-graphics\13\javafx-graphics-13.jar;C:\Users\Mateusz\.m2\repository\org\openjfx\javafx-base\13\javafx-base-13.jar;C:\Users\Mateusz\.m2\repository\org\openjfx\javafx-fxml\13\javafx-fxml-13.jar;C:\Users\Mateusz\.m2\repository\org\junit\jupiter\junit-jupiter-api\5.6.0\junit-jupiter-api-5.6.0.jar;C:\Users\Mateusz\.m2\repository\org\apiguardian\apiguardian-api\1.1.0\apiguardian-api-1.1.0.jar;C:\Users\Mateusz\.m2\repository\org\opentest4j\opentest4j\1.2.0\opentest4j-1.2.0.jar;C:\Users\Mateusz\.m2\repository\org\junit\platform\junit-platform-commons\1.6.0\junit-platform-commons-1.6.0.jar;C:\Users\Mateusz\.m2\repository\org\junit\jupiter\junit-jupiter-params\5.6.0\junit-jupiter-params-5.6.0.jar;C:\Users\Mateusz\.m2\repository\org\junit\jupiter\junit-jupiter-engine\5.6.0\junit-jupiter-engine-5.6.0.jar;C:\Users\Mateusz\.m2\repository\org\junit\platform\junit-platform-engine\1.6.0\junit-platform-engine-1.6.0.jar;"/>
    <property name="java.vm.vendor" value="Oracle Corporation"/>
    <property name="sun.arch.data.model" value="64"/>
    <property name="user.variant" value=""/>
    <property name="java.vendor.url" value="https://java.oracle.com/"/>
    <property name="user.timezone" value="Europe/Warsaw"/>
    <property name="os.name" value="Windows 10"/>
    <property name="java.vm.specification.version" value="14"/>
    <property name="user.country" value="PL"/>
    <property name="sun.java.launcher" value="SUN_STANDARD"/>
    <property name="sun.boot.library.path" value="C:\Program Files\Java\jdk-14\bin"/>
    <property name="sun.java.command" value="org.apache.maven.surefire.booter.ForkedBooter C:\Users\Mateusz\AppData\Local\Temp\surefire1536280448252832433 2020-12-05T02-07-30_009-jvmRun1 surefire12023967458939590857tmp surefire_013590994815533999024tmp"/>
    <property name="jdk.debug" value="release"/>
    <property name="test" value="testHangmanGame"/>
    <property name="surefire.test.class.path" value="C:\Users\Mateusz\source\repos\JavaHangman\JavaHangman\HangmanGame\HangmanGame\target\test-classes;C:\Users\Mateusz\.m2\repository\org\openjfx\javafx-controls\13\javafx-controls-13.jar;C:\Users\Mateusz\.m2\repository\org\openjfx\javafx-graphics\13\javafx-graphics-13.jar;C:\Users\Mateusz\.m2\repository\org\openjfx\javafx-base\13\javafx-base-13.jar;C:\Users\Mateusz\.m2\repository\org\openjfx\javafx-fxml\13\javafx-fxml-13.jar;C:\Users\Mateusz\.m2\repository\org\junit\jupiter\junit-jupiter-api\5.6.0\junit-jupiter-api-5.6.0.jar;C:\Users\Mateusz\.m2\repository\org\apiguardian\apiguardian-api\1.1.0\apiguardian-api-1.1.0.jar;C:\Users\Mateusz\.m2\repository\org\opentest4j\opentest4j\1.2.0\opentest4j-1.2.0.jar;C:\Users\Mateusz\.m2\repository\org\junit\platform\junit-platform-commons\1.6.0\junit-platform-commons-1.6.0.jar;C:\Users\Mateusz\.m2\repository\org\junit\jupiter\junit-jupiter-params\5.6.0\junit-jupiter-params-5.6.0.jar;C:\Users\Mateusz\.m2\repository\org\junit\jupiter\junit-jupiter-engine\5.6.0\junit-jupiter-engine-5.6.0.jar;C:\Users\Mateusz\.m2\repository\org\junit\platform\junit-platform-engine\1.6.0\junit-platform-engine-1.6.0.jar;"/>
    <property name="sun.cpu.endian" value="little"/>
    <property name="user.home" value="C:\Users\Mateusz"/>
    <property name="user.language" value="pl"/>
    <property name="java.specification.vendor" value="Oracle Corporation"/>
    <property name="jdk.module.path" value="C:\Users\Mateusz\source\repos\JavaHangman\JavaHangman\HangmanGame\HangmanGame\target\classes;C:\Users\Mateusz\.m2\repository\org\openjfx\javafx-controls\13\javafx-controls-13-win.jar;C:\Users\Mateusz\.m2\repository\org\openjfx\javafx-graphics\13\javafx-graphics-13-win.jar;C:\Users\Mateusz\.m2\repository\org\openjfx\javafx-base\13\javafx-base-13-win.jar;C:\Users\Mateusz\.m2\repository\org\openjfx\javafx-fxml\13\javafx-fxml-13-win.jar"/>
    <property name="java.version.date" value="2020-03-17"/>
    <property name="java.home" value="C:\Program Files\Java\jdk-14"/>
    <property name="file.separator" value="\"/>
    <property name="basedir" value="C:\Users\Mateusz\source\repos\JavaHangman\JavaHangman\HangmanGame\HangmanGame"/>
    <property name="java.vm.compressedOopsMode" value="Zero based"/>
    <property name="line.separator" value="&#10;"/>
    <property name="java.vm.specification.vendor" value="Oracle Corporation"/>
    <property name="java.specification.name" value="Java Platform API Specification"/>
    <property name="surefire.real.class.path" value="C:\Users\Mateusz\.m2\repository\org\apache\maven\surefire\surefire-booter\3.0.0-M3\surefire-booter-3.0.0-M3.jar;C:\Users\Mateusz\.m2\repository\org\apache\maven\surefire\surefire-api\3.0.0-M3\surefire-api-3.0.0-M3.jar;C:\Users\Mateusz\.m2\repository\org\apache\maven\surefire\surefire-logger-api\3.0.0-M3\surefire-logger-api-3.0.0-M3.jar;C:\Users\Mateusz\source\repos\JavaHangman\JavaHangman\HangmanGame\HangmanGame\target\test-classes;C:\Users\Mateusz\.m2\repository\org\openjfx\javafx-controls\13\javafx-controls-13.jar;C:\Users\Mateusz\.m2\repository\org\openjfx\javafx-graphics\13\javafx-graphics-13.jar;C:\Users\Mateusz\.m2\repository\org\openjfx\javafx-base\13\javafx-base-13.jar;C:\Users\Mateusz\.m2\repository\org\openjfx\javafx-fxml\13\javafx-fxml-13.jar;C:\Users\Mateusz\.m2\repository\org\junit\jupiter\junit-jupiter-api\5.6.0\junit-jupiter-api-5.6.0.jar;C:\Users\Mateusz\.m2\repository\org\apiguardian\apiguardian-api\1.1.0\apiguardian-api-1.1.0.jar;C:\Users\Mateusz\.m2\repository\org\opentest4j\opentest4j\1.2.0\opentest4j-1.2.0.jar;C:\Users\Mateusz\.m2\repository\org\junit\platform\junit-platform-commons\1.6.0\junit-platform-commons-1.6.0.jar;C:\Users\Mateusz\.m2\repository\org\junit\jupiter\junit-jupiter-params\5.6.0\junit-jupiter-params-5.6.0.jar;C:\Users\Mateusz\.m2\repository\org\junit\jupiter\junit-jupiter-engine\5.6.0\junit-jupiter-engine-5.6.0.jar;C:\Users\Mateusz\.m2\repository\org\junit\platform\junit-platform-engine\1.6.0\junit-platform-engine-1.6.0.jar;C:\Users\Mateusz\.m2\repository\org\apache\maven\surefire\surefire-junit-platform\3.0.0-M3\surefire-junit-platform-3.0.0-M3.jar;C:\Users\Mateusz\.m2\repository\org\apache\maven\surefire\common-java5\3.0.0-M3\common-java5-3.0.0-M3.jar;C:\Users\Mateusz\.m2\repository\org\junit\platform\junit-platform-launcher\1.3.1\junit-platform-launcher-1.3.1.jar"/>
    <property name="user.script" value=""/>
    <property name="sun.management.compiler" value="HotSpot 64-Bit Tiered Compilers"/>
    <property name="java.runtime.version" value="14+36-1461"/>
    <property name="user.name" value="Mateusz"/>
    <property name="path.separator" value=";"/>
    <property name="os.version" value="10.0"/>
    <property name="java.runtime.name" value="Java(TM) SE Runtime Environment"/>
    <property name="file.encoding" value="UTF-8"/>
    <property name="java.vm.name" value="Java HotSpot(TM) 64-Bit Server VM"/>
    <property name="maven.ext.class.path" value="C:\Program Files\NetBeans-12.1\netbeans\java\maven-nblib\netbeans-eventspy.jar"/>
    <property name="localRepository" value="C:\Users\Mateusz\.m2\repository"/>
    <property name="java.vendor.url.bug" value="https://bugreport.java.com/bugreport/"/>
    <property name="java.io.tmpdir" value="C:\Users\Mateusz\AppData\Local\Temp\"/>
    <property name="java.version" value="14"/>
    <property name="user.dir" value="C:\Users\Mateusz\source\repos\JavaHangman\JavaHangman\HangmanGame\HangmanGame"/>
    <property name="os.arch" value="amd64"/>
    <property name="java.vm.specification.name" value="Java Virtual Machine Specification"/>
    <property name="sun.os.patch.level" value=""/>
    <property name="java.library.path" value="C:\Program Files\Java\jdk-14\bin;C:\Windows\Sun\Java\bin;C:\Windows\system32;C:\Windows;C:\Program Files (x86)\Common Files\Oracle\Java\javapath;C:\Program Files (x86)\Common Files\Intel\Shared Libraries\redist\intel64\compiler;C:\ProgramData\Oracle\Java\javapath;C:\Program Files\Hardwipe\;C:\Windows\system32;C:\Windows;C:\Windows\System32\Wbem;C:\Windows\System32\WindowsPowerShell\v1.0\;C:\Windows\System32\OpenSSH\;C:\Program Files (x86)\QuickTime\QTSystem\;C:\Users\Mateusz\AppData\Local\Microsoft\WindowsApps;C:\adb;C:\Program Files\dotnet\;C:\Program Files\Java\jdk-14\bin;C:\Users\Mateusz\AppData\Local\Microsoft\WindowsApps;C:\Users\Mateusz\.dotnet\tools;C:\Users\Mateusz\AppData\Local\GitHubDesktop\bin;."/>
    <property name="java.vm.info" value="mixed mode"/>
    <property name="java.vendor" value="Oracle Corporation"/>
    <property name="java.vm.version" value="14+36-1461"/>
    <property name="sun.io.unicode.encoding" value="UnicodeLittle"/>
    <property name="java.class.version" value="58.0"/>
  </properties>
  <testcase name="testCompareWordsFail{String, String}[1]" classname="testHangmanGame" time="0.036"/>
  <testcase name="testCompareWordsFail{String, String}[2]" classname="testHangmanGame" time="0"/>
  <testcase name="testCompareWordsFail{String, String}[3]" classname="testHangmanGame" time="0.001"/>
  <testcase name="testAddWordToBankSucces{String}[1]" classname="testHangmanGame" time="0.002"/>
  <testcase name="testAddWordToBankSucces{String}[2]" classname="testHangmanGame" time="0"/>
  <testcase name="testAddWordToBankSucces{String}[3]" classname="testHangmanGame" time="0.001"/>
  <testcase name="testAddWordToBankSucces{String}[4]" classname="testHangmanGame" time="0.001"/>
  <testcase name="testReadBankSucces{String}[1]" classname="testHangmanGame" time="0.002"/>
  <testcase name="testAddWordToBankFail{String}[1]" classname="testHangmanGame" time="0.001"/>
  <testcase name="testAddWordToBankFail{String}[2]" classname="testHangmanGame" time="0.001"/>
  <testcase name="testCompareWordsSucces{String, String}[1]" classname="testHangmanGame" time="0"/>
  <testcase name="testCompareWordsSucces{String, String}[2]" classname="testHangmanGame" time="0.001"/>
  <testcase name="testCompareWordsSucces{String, String}[3]" classname="testHangmanGame" time="0.001"/>
  <testcase name="testReadBankFail{String}[1]" classname="testHangmanGame" time="0.012">
    <error message="class testHangmanGame (in unnamed module @0x3f191845) cannot access class pl.polsl.lab.mateusz.plonka.exception.HangmanException (in module pl.polsl.lab.mateusz.plonka) because module pl.polsl.lab.mateusz.plonka does not export pl.polsl.lab.mateusz.plonka.exception to unnamed module @0x3f191845" type="java.lang.IllegalAccessError">java.lang.IllegalAccessError: class testHangmanGame (in unnamed module @0x3f191845) cannot access class pl.polsl.lab.mateusz.plonka.exception.HangmanException (in module pl.polsl.lab.mateusz.plonka) because module pl.polsl.lab.mateusz.plonka does not export pl.polsl.lab.mateusz.plonka.exception to unnamed module @0x3f191845
	at testHangmanGame.testReadBankFail(testHangmanGame.java:34)
</error>
  </testcase>
  <testcase name="testReadBankFail{String}[2]" classname="testHangmanGame" time="0.001">
    <error message="class testHangmanGame (in unnamed module @0x3f191845) cannot access class pl.polsl.lab.mateusz.plonka.exception.HangmanException (in module pl.polsl.lab.mateusz.plonka) because module pl.polsl.lab.mateusz.plonka does not export pl.polsl.lab.mateusz.plonka.exception to unnamed module @0x3f191845" type="java.lang.IllegalAccessError">java.lang.IllegalAccessError: class testHangmanGame (in unnamed module @0x3f191845) cannot access class pl.polsl.lab.mateusz.plonka.exception.HangmanException (in module pl.polsl.lab.mateusz.plonka) because module pl.polsl.lab.mateusz.plonka does not export pl.polsl.lab.mateusz.plonka.exception to unnamed module @0x3f191845
	at testHangmanGame.testReadBankFail(testHangmanGame.java:34)
</error>
  </testcase>
  <testcase name="testReadBankFail{String}[3]" classname="testHangmanGame" time="0.002">
    <error message="class testHangmanGame (in unnamed module @0x3f191845) cannot access class pl.polsl.lab.mateusz.plonka.exception.HangmanException (in module pl.polsl.lab.mateusz.plonka) because module pl.polsl.lab.mateusz.plonka does not export pl.polsl.lab.mateusz.plonka.exception to unnamed module @0x3f191845" type="java.lang.IllegalAccessError">java.lang.IllegalAccessError: class testHangmanGame (in unnamed module @0x3f191845) cannot access class pl.polsl.lab.mateusz.plonka.exception.HangmanException (in module pl.polsl.lab.mateusz.plonka) because module pl.polsl.lab.mateusz.plonka does not export pl.polsl.lab.mateusz.plonka.exception to unnamed module @0x3f191845
	at testHangmanGame.testReadBankFail(testHangmanGame.java:34)
</error>
  </testcase>
</testsuite>